<?xml version="1.0" encoding="UTF-8"?>
<!-- Generated by org.testng.reporters.JUnitReportReporter -->
<testsuite skipped="0" hostname="DESKTOP-IGE51IO" name="com.TestCases.LoginTest" tests="2" failures="0" timestamp="2021-07-03T13:04:39 GST" time="1.069" errors="0">
  <testcase name="verifyDLoginTitle" time="0.016" classname="com.TestCases.LoginTest"/>
  <system-out/>
  <testcase name="validLogin" time="1.053" classname="com.TestCases.LoginTest"/>
  <system-out/>
</testsuite> <!-- com.TestCases.LoginTest -->
