<?xml version="1.0" encoding="UTF-8"?>
<!-- Generated by org.testng.reporters.JUnitReportReporter -->
<testsuite skipped="0" hostname="DESKTOP-IGE51IO" name="com.TestCases.DownloadTest" tests="1" failures="0" timestamp="2021-07-03T13:04:39 GST" time="0.011" errors="0">
  <testcase name="verifyDashboardTitle" time="0.011" classname="com.TestCases.DownloadTest"/>
  <system-out/>
</testsuite> <!-- com.TestCases.DownloadTest -->
