<?xml version="1.0" encoding="UTF-8"?>
<!-- Generated by org.testng.reporters.JUnitReportReporter -->
<testsuite skipped="0" hostname="DESKTOP-IGE51IO" name="com.TestCases.DashboardTest" tests="3" failures="0" timestamp="2021-07-10T16:49:34 GST" time="0.880" errors="0">
  <testcase name="verifyDashboardTitle" time="0.008" classname="com.TestCases.DashboardTest"/>
  <system-out/>
  <testcase name="verifyCourseColour" time="0.809" classname="com.TestCases.DashboardTest"/>
  <system-out/>
  <testcase name="verifyCourseSymbol" time="0.063" classname="com.TestCases.DashboardTest"/>
  <system-out/>
</testsuite> <!-- com.TestCases.DashboardTest -->
