<?xml version="1.0" encoding="UTF-8"?>
<!-- Generated by org.testng.reporters.JUnitReportReporter -->
<testsuite skipped="0" hostname="DESKTOP-IGE51IO" name="com.TestCases.OperatorTest" tests="3" failures="0" timestamp="2021-07-10T16:49:34 GST" time="1.659" errors="0">
  <testcase name="verifyDashboardTitle" time="0.008" classname="com.TestCases.OperatorTest"/>
  <system-out/>
  <testcase name="verifyTechnicalName" time="1.048" classname="com.TestCases.OperatorTest"/>
  <system-out/>
  <testcase name="verifyEnquiry" time="0.603" classname="com.TestCases.OperatorTest"/>
  <system-out/>
</testsuite> <!-- com.TestCases.OperatorTest -->
