<?xml version="1.0" encoding="UTF-8"?>
<!-- Generated by org.testng.reporters.JUnitReportReporter -->
<testsuite skipped="0" hostname="DESKTOP-IGE51IO" name="com.TestCases.UsefulLinksTest" tests="1" failures="0" timestamp="2021-07-10T16:49:34 GST" time="0.008" errors="0">
  <testcase name="verifyDashboardTitle" time="0.008" classname="com.TestCases.UsefulLinksTest"/>
  <system-out/>
</testsuite> <!-- com.TestCases.UsefulLinksTest -->
