<?xml version="1.0" encoding="UTF-8"?>
<!-- Generated by org.testng.reporters.JUnitReportReporter -->
<testsuite skipped="0" hostname="DESKTOP-IGE51IO" name="com.TestCases.UserTest" tests="4" failures="0" timestamp="2021-07-10T16:49:34 GST" time="5.317" errors="0">
  <testcase name="verifyUserTitle" time="0.008" classname="com.TestCases.UserTest"/>
  <system-out/>
  <testcase name="CompareTableWithoutHashmap" time="4.184" classname="com.TestCases.UserTest"/>
  <system-out/>
  <testcase name="CompareTableWithHashmap" time="0.922" classname="com.TestCases.UserTest"/>
  <system-out/>
  <testcase name="compareGenderAndName" time="0.203" classname="com.TestCases.UserTest"/>
  <system-out/>
</testsuite> <!-- com.TestCases.UserTest -->
